<?xml version="1.0" encoding="UTF-8"?>
<testsuite xmlns:xsi="http://www.w3.org/2001/XMLSchema-instance" xsi:noNamespaceSchemaLocation="https://maven.apache.org/surefire/maven-surefire-plugin/xsd/surefire-test-report-3.0.xsd" version="3.0" name="prova01.ReservaTest" time="0.037" tests="5" errors="0" skipped="0" failures="0">
  <properties>
[...]
</properties>
  <testcase name="testQuartoComumSemHospedes" classname="prova01.ReservaTest" time="0.017"/>
  <testcase name="testQuartoFamiliaSemHospedes" classname="prova01.ReservaTest" time="0.0"/>
  <testcase name="testQuartoComumHospedesExcedentes" classname="prova01.ReservaTest" time="0.0"/>
  <testcase name="testQuartoSuiteHospedesExcedentes" classname="prova01.ReservaTest" time="0.0"/>
  <testcase name="testQuartoFamiliaHospedesExcedentes" classname="prova01.ReservaTest" time="0.0"/>
</testsuite>